<?xml version="1.0" encoding="UTF-8"?>
<!-- Generated by org.testng.reporters.JUnitReportReporter -->
<testsuite hostname="KFAutie-S47" name="com.wbl.WalmartSearchApi.searchItemTest" tests="1" failures="0" timestamp="11 Jul 2017 07:09:12 GMT" time="1.158" errors="0">
  <testcase name="itemTest" time="1.158" classname="com.wbl.WalmartSearchApi.searchItemTest"/>
</testsuite> <!-- com.wbl.WalmartSearchApi.searchItemTest -->
